2024-02-26 21:04:55,990 INFO o.a.j.u.JMeterUtils: Setting Locale to en_EN
2024-02-26 21:04:56,018 INFO o.a.j.JMeter: Loading user properties from: /usr/local/Cellar/jmeter/5.6.3/libexec/bin/user.properties
2024-02-26 21:04:56,019 INFO o.a.j.JMeter: Loading system properties from: /usr/local/Cellar/jmeter/5.6.3/libexec/bin/system.properties
2024-02-26 21:04:56,025 INFO o.a.j.JMeter: Copyright (c) 1998-2024 The Apache Software Foundation
2024-02-26 21:04:56,025 INFO o.a.j.JMeter: Version 5.6.3
2024-02-26 21:04:56,025 INFO o.a.j.JMeter: java.version=21.0.2
2024-02-26 21:04:56,025 INFO o.a.j.JMeter: java.vm.name=OpenJDK 64-Bit Server VM
2024-02-26 21:04:56,025 INFO o.a.j.JMeter: os.name=Mac OS X
2024-02-26 21:04:56,025 INFO o.a.j.JMeter: os.arch=x86_64
2024-02-26 21:04:56,025 INFO o.a.j.JMeter: os.version=14.2.1
2024-02-26 21:04:56,025 INFO o.a.j.JMeter: file.encoding=UTF-8
2024-02-26 21:04:56,025 INFO o.a.j.JMeter: java.awt.headless=null
2024-02-26 21:04:56,025 INFO o.a.j.JMeter: Max memory     =1073741824
2024-02-26 21:04:56,025 INFO o.a.j.JMeter: Available Processors =8
2024-02-26 21:04:56,036 INFO o.a.j.JMeter: Default Locale=English (EN)
2024-02-26 21:04:56,037 INFO o.a.j.JMeter: JMeter  Locale=English (EN)
2024-02-26 21:04:56,037 INFO o.a.j.JMeter: JMeterHome=/usr/local/Cellar/jmeter/5.6.3/libexec
2024-02-26 21:04:56,037 INFO o.a.j.JMeter: user.dir  =/Users/barryvalino/360Connect_E2E_Test_Automation
2024-02-26 21:04:56,037 INFO o.a.j.JMeter: PWD       =/Users/barryvalino/360Connect_E2E_Test_Automation
2024-02-26 21:04:56,048 INFO o.a.j.JMeter: IP: 192.168.1.86 Name: Barrys-MBP.attlocal.net FullName: barrys-mbp.attlocal.net
2024-02-26 21:04:56,067 INFO o.a.j.JMeter: Loaded icon properties from org/apache/jmeter/images/icon.properties
2024-02-26 21:04:57,088 INFO o.a.j.JMeterGuiLauncher: Setting LAF to: com.github.weisj.darklaf.DarkLaf:com.github.weisj.darklaf.theme.IntelliJTheme
2024-02-26 21:05:00,205 INFO o.a.j.r.ClassFinder: Will scan jar /usr/local/Cellar/jmeter/5.6.3/libexec/lib/ext/jmeter-plugins-manager-1.9.jar with filter ExtendsClassFilter [parents=[interface org.apache.jmeter.gui.action.Command], inner=false, contains=null, notContains=null]. Consider exposing JMeter plugins via META-INF/services, and add JMeter-Skip-Class-Scanning=true manifest attribute so JMeter can skip classfile scanning
2024-02-26 21:05:00,377 INFO o.a.j.r.ClassFinder: Will scan jar /usr/local/Cellar/jmeter/5.6.3/libexec/lib/ext/mssql-jdbc-12.6.0.jre11.jar with filter ExtendsClassFilter [parents=[interface org.apache.jmeter.gui.action.Command], inner=false, contains=null, notContains=null]. Consider exposing JMeter plugins via META-INF/services, and add JMeter-Skip-Class-Scanning=true manifest attribute so JMeter can skip classfile scanning
2024-02-26 21:05:00,832 INFO o.a.j.r.ClassFinder: Will scan jar /usr/local/Cellar/jmeter/5.6.3/libexec/lib/ext/jmeter-plugins-manager-1.9.jar with filter ExtendsClassFilter [parents=[interface org.apache.jmeter.gui.plugin.MenuCreator], inner=false, contains=null, notContains=null]. Consider exposing JMeter plugins via META-INF/services, and add JMeter-Skip-Class-Scanning=true manifest attribute so JMeter can skip classfile scanning
2024-02-26 21:05:00,836 INFO o.a.j.r.ClassFinder: Will scan jar /usr/local/Cellar/jmeter/5.6.3/libexec/lib/ext/mssql-jdbc-12.6.0.jre11.jar with filter ExtendsClassFilter [parents=[interface org.apache.jmeter.gui.plugin.MenuCreator], inner=false, contains=null, notContains=null]. Consider exposing JMeter plugins via META-INF/services, and add JMeter-Skip-Class-Scanning=true manifest attribute so JMeter can skip classfile scanning
2024-02-26 21:05:00,978 INFO o.j.r.JARSourceHTTP: Requesting https://jmeter-plugins.org/repo/?installID=mac_os_x-a572c7cf5f608ef7d5d7ebe7116e1a6a-gui
2024-02-26 21:05:02,602 INFO o.j.r.PluginManager: Plugins Status: [jpgc-plugins-manager=1.9, jmeter-core=5.6.3, jmeter-ftp=5.6.3, jmeter-http=5.6.3, jmeter-jdbc=5.6.3, jmeter-jms=5.6.3, jmeter-junit=5.6.3, jmeter-java=5.6.3, jmeter-ldap=5.6.3, jmeter-mail=5.6.3, jmeter-mongodb=5.6.3, jmeter-native=5.6.3, jmeter-tcp=5.6.3, jmeter-components=5.6.3]
2024-02-26 21:05:02,604 INFO o.j.r.PluginManagerMenuItem: Plugins Manager has upgrades: [jpgc-plugins-manager]
2024-02-26 21:05:12,763 INFO o.a.j.s.FileServer: Default base='/Users/barryvalino/360Connect_E2E_Test_Automation'
2024-02-26 21:05:12,766 INFO o.a.j.g.a.Load: Loading file: /Users/barryvalino/Documents/360 Jmeter scripts/Process_Leads_Outbox_Validation.jmx
2024-02-26 21:05:12,766 INFO o.a.j.s.FileServer: Set new base='/Users/barryvalino/Documents/360 Jmeter scripts'
2024-02-26 21:05:13,131 INFO o.a.j.s.SaveService: Testplan (JMX) version: 2.2. Testlog (JTL) version: 2.2
2024-02-26 21:05:13,138 INFO o.a.j.s.SaveService: Using SaveService properties version 5.0
2024-02-26 21:05:13,139 INFO o.a.j.s.SaveService: Using SaveService properties file encoding UTF-8
2024-02-26 21:05:13,140 INFO o.a.j.s.SaveService: Loading file: /Users/barryvalino/Documents/360 Jmeter scripts/Process_Leads_Outbox_Validation.jmx
2024-02-26 21:05:13,591 INFO o.a.j.s.SampleResult: Note: Sample TimeStamps are START times
2024-02-26 21:05:13,591 INFO o.a.j.s.SampleResult: sampleresult.default.encoding is set to UTF-8
2024-02-26 21:05:13,592 INFO o.a.j.s.SampleResult: sampleresult.useNanoTime=true
2024-02-26 21:05:13,592 INFO o.a.j.s.SampleResult: sampleresult.nanoThreadSleep=5000
2024-02-26 21:05:13,726 INFO o.a.j.r.ClassFinder: Will scan jar /usr/local/Cellar/jmeter/5.6.3/libexec/lib/ext/jmeter-plugins-manager-1.9.jar with filter ExtendsClassFilter [parents=[interface org.apache.jmeter.visualizers.ResultRenderer], inner=false, contains=null, notContains=null]. Consider exposing JMeter plugins via META-INF/services, and add JMeter-Skip-Class-Scanning=true manifest attribute so JMeter can skip classfile scanning
2024-02-26 21:05:13,730 INFO o.a.j.r.ClassFinder: Will scan jar /usr/local/Cellar/jmeter/5.6.3/libexec/lib/ext/mssql-jdbc-12.6.0.jre11.jar with filter ExtendsClassFilter [parents=[interface org.apache.jmeter.visualizers.ResultRenderer], inner=false, contains=null, notContains=null]. Consider exposing JMeter plugins via META-INF/services, and add JMeter-Skip-Class-Scanning=true manifest attribute so JMeter can skip classfile scanning
2024-02-26 21:05:13,872 INFO o.a.j.r.ClassFinder: Will scan jar /usr/local/Cellar/jmeter/5.6.3/libexec/lib/ext/jmeter-plugins-manager-1.9.jar with filter ExtendsClassFilter [parents=[interface org.apache.jmeter.visualizers.RequestView], inner=false, contains=null, notContains=null]. Consider exposing JMeter plugins via META-INF/services, and add JMeter-Skip-Class-Scanning=true manifest attribute so JMeter can skip classfile scanning
2024-02-26 21:05:13,892 INFO o.a.j.r.ClassFinder: Will scan jar /usr/local/Cellar/jmeter/5.6.3/libexec/lib/ext/mssql-jdbc-12.6.0.jre11.jar with filter ExtendsClassFilter [parents=[interface org.apache.jmeter.visualizers.RequestView], inner=false, contains=null, notContains=null]. Consider exposing JMeter plugins via META-INF/services, and add JMeter-Skip-Class-Scanning=true manifest attribute so JMeter can skip classfile scanning
2024-02-26 21:05:14,218 INFO o.a.j.s.FileServer: Set new base='/Users/barryvalino/Documents/360 Jmeter scripts'
2024-02-26 21:32:51,140 INFO o.a.j.e.StandardJMeterEngine: Running the test!
2024-02-26 21:32:51,146 INFO o.a.j.s.SampleEvent: List of sample_variables: []
2024-02-26 21:32:51,146 INFO o.a.j.s.SampleEvent: List of sample_variables: []
2024-02-26 21:32:51,149 INFO o.a.j.e.u.CompoundVariable: Note: Function class names must contain the string: '.functions.'
2024-02-26 21:32:51,149 INFO o.a.j.e.u.CompoundVariable: Note: Function class names must not contain the string: '.gui.'
2024-02-26 21:32:51,222 INFO o.a.j.r.ClassFinder: Will scan jar /usr/local/Cellar/jmeter/5.6.3/libexec/lib/ext/jmeter-plugins-manager-1.9.jar with filter ExtendsClassFilter [parents=[interface org.apache.jmeter.functions.Function], inner=false, contains=null, notContains=null]. Consider exposing JMeter plugins via META-INF/services, and add JMeter-Skip-Class-Scanning=true manifest attribute so JMeter can skip classfile scanning
2024-02-26 21:32:51,235 INFO o.a.j.r.ClassFinder: Will scan jar /usr/local/Cellar/jmeter/5.6.3/libexec/lib/ext/mssql-jdbc-12.6.0.jre11.jar with filter ExtendsClassFilter [parents=[interface org.apache.jmeter.functions.Function], inner=false, contains=null, notContains=null]. Consider exposing JMeter plugins via META-INF/services, and add JMeter-Skip-Class-Scanning=true manifest attribute so JMeter can skip classfile scanning
2024-02-26 21:32:51,255 INFO o.a.j.t.TestPlan: added /usr/local/Cellar/jmeter/5.6.3/libexec/lib/mysql-connector-j-8.3.0.jar to classpath
2024-02-26 21:32:51,264 INFO o.a.j.g.u.JMeterMenuBar: setRunning(true, *local*)
2024-02-26 21:32:51,437 INFO o.a.j.e.StandardJMeterEngine: Starting ThreadGroup: 1 : Process_Leads_Outbox_Validation
2024-02-26 21:32:51,437 INFO o.a.j.e.StandardJMeterEngine: Starting 1 threads for group Process_Leads_Outbox_Validation.
2024-02-26 21:32:51,438 INFO o.a.j.e.StandardJMeterEngine: Thread will continue on error
2024-02-26 21:32:51,438 INFO o.a.j.t.ThreadGroup: Starting thread group... number=1 threads=1 ramp-up=1 delayedStart=false
2024-02-26 21:32:51,442 INFO o.a.j.t.ThreadGroup: Started thread group number 1
2024-02-26 21:32:51,442 INFO o.a.j.e.StandardJMeterEngine: All thread groups have been started
2024-02-26 21:32:51,443 INFO o.a.j.t.JMeterThread: Thread started: Process_Leads_Outbox_Validation 1-1
2024-02-26 21:32:52,515 INFO o.a.j.p.j.s.J.JSR223 Sampler: Loading properties from /Users/barryvalino/Documents/360 Jmeter scripts/configs/leadIds.json
2024-02-26 21:32:52,551 INFO o.a.j.p.j.s.J.JSR223 Sampler: Loading property siteCode: 360SS
2024-02-26 21:32:52,571 INFO o.a.j.p.j.s.J.JSR223 Sampler: Loading property requestId: 37
2024-02-26 21:32:54,060 INFO o.a.j.t.JMeterThread: Thread is done: Process_Leads_Outbox_Validation 1-1
2024-02-26 21:32:54,060 INFO o.a.j.t.JMeterThread: Thread finished: Process_Leads_Outbox_Validation 1-1
2024-02-26 21:32:54,060 INFO o.a.j.e.StandardJMeterEngine: Notifying test listeners of end of test
2024-02-26 21:32:54,065 INFO o.a.j.g.u.JMeterMenuBar: setRunning(false, *local*)
2024-02-26 21:57:54,354 INFO o.a.j.e.StandardJMeterEngine: Running the test!
2024-02-26 21:57:54,357 INFO o.a.j.s.SampleEvent: List of sample_variables: []
2024-02-26 21:57:54,360 INFO o.a.j.t.TestPlan: added /usr/local/Cellar/jmeter/5.6.3/libexec/lib/mysql-connector-j-8.3.0.jar to classpath
2024-02-26 21:57:54,361 INFO o.a.j.g.u.JMeterMenuBar: setRunning(true, *local*)
2024-02-26 21:57:54,840 INFO o.a.j.e.StandardJMeterEngine: Starting ThreadGroup: 1 : Process_Leads_Outbox_Validation
2024-02-26 21:57:54,840 INFO o.a.j.e.StandardJMeterEngine: Starting 1 threads for group Process_Leads_Outbox_Validation.
2024-02-26 21:57:54,840 INFO o.a.j.e.StandardJMeterEngine: Thread will continue on error
2024-02-26 21:57:54,841 INFO o.a.j.t.ThreadGroup: Starting thread group... number=1 threads=1 ramp-up=1 delayedStart=false
2024-02-26 21:57:54,842 INFO o.a.j.t.ThreadGroup: Started thread group number 1
2024-02-26 21:57:54,843 INFO o.a.j.e.StandardJMeterEngine: All thread groups have been started
2024-02-26 21:57:54,843 INFO o.a.j.t.JMeterThread: Thread started: Process_Leads_Outbox_Validation 1-1
2024-02-26 21:57:54,908 INFO o.a.j.p.j.s.J.JSR223 Sampler: Loading properties from /Users/barryvalino/Documents/360 Jmeter scripts/configs/leadIds.json
2024-02-26 21:57:54,910 INFO o.a.j.p.j.s.J.JSR223 Sampler: Loading property siteCode: 360SS
2024-02-26 21:57:54,914 INFO o.a.j.p.j.s.J.JSR223 Sampler: Loading property requestId: 37
2024-02-26 21:57:56,177 INFO o.a.j.t.JMeterThread: Thread is done: Process_Leads_Outbox_Validation 1-1
2024-02-26 21:57:56,177 INFO o.a.j.t.JMeterThread: Thread finished: Process_Leads_Outbox_Validation 1-1
2024-02-26 21:57:56,178 INFO o.a.j.e.StandardJMeterEngine: Notifying test listeners of end of test
2024-02-26 21:57:56,179 INFO o.a.j.g.u.JMeterMenuBar: setRunning(false, *local*)
